<?xml version="1.0" encoding="UTF-8"?>
<!-- Generated by org.testng.reporters.JUnitReportReporter -->
<testsuite hostname="DESKTOP-HS2QJ56" failures="0" tests="1" name="com.hrms.test_Scripts.TC001_LOGIN_LOGOUT" time="10.448" errors="0" timestamp="17 May 2024 07:43:12 GMT">
  <testcase classname="com.hrms.test_Scripts.TC001_LOGIN_LOGOUT" name="tc001_login_logout" time="10.448"/>
</testsuite> <!-- com.hrms.test_Scripts.TC001_LOGIN_LOGOUT -->
