<?xml version="1.0" encoding="UTF-8"?>
<!-- Generated by org.testng.reporters.JUnitReportReporter -->
<testsuite hostname="DESKTOP-HS2QJ56" failures="0" tests="1" name="com.hrms.test_Scripts.TC002_Driver_Frame_TestNg_Log4j" time="14.128" errors="0" timestamp="21 May 2024 05:37:48 GMT">
  <testcase classname="com.hrms.test_Scripts.TC002_Driver_Frame_TestNg_Log4j" name="addEmp" time="14.128"/>
</testsuite> <!-- com.hrms.test_Scripts.TC002_Driver_Frame_TestNg_Log4j -->
