<?xml version="1.0" encoding="UTF-8"?>
<!-- Generated by org.testng.reporters.JUnitReportReporter -->
<testsuite hostname="DESKTOP-HS2QJ56" failures="0" tests="1" name="com.hrms.test_Scripts.TC001_Driver_Frame_TestNg_Log4j" time="11.744" errors="0" timestamp="21 May 2024 05:37:48 GMT">
  <testcase classname="com.hrms.test_Scripts.TC001_Driver_Frame_TestNg_Log4j" name="tc001_login_logout" time="11.744"/>
</testsuite> <!-- com.hrms.test_Scripts.TC001_Driver_Frame_TestNg_Log4j -->
