<?xml version="1.0" encoding="UTF-8"?>
<!-- Generated by org.testng.reporters.JUnitReportReporter -->
<testsuite hostname="DESKTOP-HS2QJ56" failures="0" tests="1" name="com.hrms.test_Scripts.TC001_LOGIN_LOGOUT_TestNg" time="16.259" errors="0" timestamp="18 May 2024 07:49:26 GMT">
  <testcase classname="com.hrms.test_Scripts.TC001_LOGIN_LOGOUT_TestNg" name="tc001_login_logout" time="16.259"/>
</testsuite> <!-- com.hrms.test_Scripts.TC001_LOGIN_LOGOUT_TestNg -->
